# JRE version: Java(TM) SE Runtime Environment (8.0_191-b12) (build 1.8.0_191-b12)
# Java VM: Java HotSpot(TM) 64-Bit Server VM (25.191-b12 mixed mode windows-amd64 compressed oops)
Heap:
 PSYoungGen      total 18944K, used 8854K [0x00000000eb180000, 0x00000000ec680000, 0x0000000100000000)
  eden space 16384K, 54% used [0x00000000eb180000,0x00000000eba259f0,0x00000000ec180000)
  from space 2560K, 0% used [0x00000000ec400000,0x00000000ec400000,0x00000000ec680000)
  to   space 2560K, 0% used [0x00000000ec180000,0x00000000ec180000,0x00000000ec400000)
 ParOldGen       total 44032K, used 38166K [0x00000000c1400000, 0x00000000c3f00000, 0x00000000eb180000)
  object space 44032K, 86% used [0x00000000c1400000,0x00000000c3945900,0x00000000c3f00000)
 Metaspace       used 15919K, capacity 16614K, committed 16768K, reserved 1062912K
  class space    used 2243K, capacity 2426K, committed 2432K, reserved 1048576K
GC Heap History (10 events):
Event: 6.024 GC heap before
{Heap before GC invocations=2 (full 0):
 PSYoungGen      total 18944K, used 18472K [0x00000000eb180000, 0x00000000ec680000, 0x0000000100000000)
  eden space 16384K, 100% used [0x00000000eb180000,0x00000000ec180000,0x00000000ec180000)
  from space 2560K, 81% used [0x00000000ec180000,0x00000000ec38a050,0x00000000ec400000)
  to   space 2560K, 0% used [0x00000000ec400000,0x00000000ec400000,0x00000000ec680000)
 ParOldGen       total 44032K, used 16K [0x00000000c1400000, 0x00000000c3f00000, 0x00000000eb180000)
  object space 44032K, 0% used [0x00000000c1400000,0x00000000c1404000,0x00000000c3f00000)
 Metaspace       used 12712K, capacity 13258K, committed 13568K, reserved 1060864K
  class space    used 1771K, capacity 1952K, committed 2048K, reserved 1048576K
Event: 6.047 GC heap after
Heap after GC invocations=2 (full 0):
 PSYoungGen      total 18944K, used 2528K [0x00000000eb180000, 0x00000000ec680000, 0x0000000100000000)
  eden space 16384K, 0% used [0x00000000eb180000,0x00000000eb180000,0x00000000ec180000)
  from space 2560K, 98% used [0x00000000ec400000,0x00000000ec678020,0x00000000ec680000)
  to   space 2560K, 0% used [0x00000000ec180000,0x00000000ec180000,0x00000000ec400000)
 ParOldGen       total 44032K, used 877K [0x00000000c1400000, 0x00000000c3f00000, 0x00000000eb180000)
  object space 44032K, 1% used [0x00000000c1400000,0x00000000c14db408,0x00000000c3f00000)
 Metaspace       used 12712K, capacity 13258K, committed 13568K, reserved 1060864K
  class space    used 1771K, capacity 1952K, committed 2048K, reserved 1048576K
}
Event: 9.387 GC heap before
{Heap before GC invocations=3 (full 0):
 PSYoungGen      total 18944K, used 18912K [0x00000000eb180000, 0x00000000ec680000, 0x0000000100000000)
  eden space 16384K, 100% used [0x00000000eb180000,0x00000000ec180000,0x00000000ec180000)
  from space 2560K, 98% used [0x00000000ec400000,0x00000000ec678020,0x00000000ec680000)
  to   space 2560K, 0% used [0x00000000ec180000,0x00000000ec180000,0x00000000ec400000)
 ParOldGen       total 44032K, used 31477K [0x00000000c1400000, 0x00000000c3f00000, 0x00000000eb180000)
  object space 44032K, 71% used [0x00000000c1400000,0x00000000c32bd418,0x00000000c3f00000)
 Metaspace       used 14999K, capacity 15686K, committed 16000K, reserved 1062912K
  class space    used 2138K, capacity 2332K, committed 2432K, reserved 1048576K
Event: 9.467 GC heap after
Heap after GC invocations=3 (full 0):
 PSYoungGen      total 18944K, used 2556K [0x00000000eb180000, 0x00000000ec680000, 0x0000000100000000)
  eden space 16384K, 0% used [0x00000000eb180000,0x00000000eb180000,0x00000000ec180000)
  from space 2560K, 99% used [0x00000000ec180000,0x00000000ec3ff1b8,0x00000000ec400000)
  to   space 2560K, 0% used [0x00000000ec400000,0x00000000ec400000,0x00000000ec680000)
 ParOldGen       total 44032K, used 35512K [0x00000000c1400000, 0x00000000c3f00000, 0x00000000eb180000)
  object space 44032K, 80% used [0x00000000c1400000,0x00000000c36ae030,0x00000000c3f00000)
 Metaspace       used 14999K, capacity 15686K, committed 16000K, reserved 1062912K
  class space    used 2138K, capacity 2332K, committed 2432K, reserved 1048576K
}
Event: 13.723 GC heap before
{Heap before GC invocations=4 (full 0):
 PSYoungGen      total 18944K, used 18940K [0x00000000eb180000, 0x00000000ec680000, 0x0000000100000000)
  eden space 16384K, 100% used [0x00000000eb180000,0x00000000ec180000,0x00000000ec180000)
  from space 2560K, 99% used [0x00000000ec180000,0x00000000ec3ff1b8,0x00000000ec400000)
  to   space 2560K, 0% used [0x00000000ec400000,0x00000000ec400000,0x00000000ec680000)
 ParOldGen       total 44032K, used 35512K [0x00000000c1400000, 0x00000000c3f00000, 0x00000000eb180000)
  object space 44032K, 80% used [0x00000000c1400000,0x00000000c36ae030,0x00000000c3f00000)
 Metaspace       used 15459K, capacity 16152K, committed 16256K, reserved 1062912K
  class space    used 2187K, capacity 2377K, committed 2432K, reserved 1048576K
Event: 13.734 GC heap after
Heap after GC invocations=4 (full 0):
 PSYoungGen      total 18944K, used 2550K [0x00000000eb180000, 0x00000000ec680000, 0x0000000100000000)
  eden space 16384K, 0% used [0x00000000eb180000,0x00000000eb180000,0x00000000ec180000)
  from space 2560K, 99% used [0x00000000ec400000,0x00000000ec67dbd8,0x00000000ec680000)
  to   space 2560K, 0% used [0x00000000ec180000,0x00000000ec180000,0x00000000ec400000)
 ParOldGen       total 44032K, used 36688K [0x00000000c1400000, 0x00000000c3f00000, 0x00000000eb180000)
  object space 44032K, 83% used [0x00000000c1400000,0x00000000c37d4040,0x00000000c3f00000)
 Metaspace       used 15459K, capacity 16152K, committed 16256K, reserved 1062912K
  class space    used 2187K, capacity 2377K, committed 2432K, reserved 1048576K
}
Event: 13.734 GC heap before
{Heap before GC invocations=5 (full 1):
 PSYoungGen      total 18944K, used 2550K [0x00000000eb180000, 0x00000000ec680000, 0x0000000100000000)
  eden space 16384K, 0% used [0x00000000eb180000,0x00000000eb180000,0x00000000ec180000)
  from space 2560K, 99% used [0x00000000ec400000,0x00000000ec67dbd8,0x00000000ec680000)
  to   space 2560K, 0% used [0x00000000ec180000,0x00000000ec180000,0x00000000ec400000)
 ParOldGen       total 44032K, used 36688K [0x00000000c1400000, 0x00000000c3f00000, 0x00000000eb180000)
  object space 44032K, 83% used [0x00000000c1400000,0x00000000c37d4040,0x00000000c3f00000)
 Metaspace       used 15459K, capacity 16152K, committed 16256K, reserved 1062912K
  class space    used 2187K, capacity 2377K, committed 2432K, reserved 1048576K
Event: 13.814 GC heap after
Heap after GC invocations=5 (full 1):
 PSYoungGen      total 18944K, used 0K [0x00000000eb180000, 0x00000000ec680000, 0x0000000100000000)
  eden space 16384K, 0% used [0x00000000eb180000,0x00000000eb180000,0x00000000ec180000)
  from space 2560K, 0% used [0x00000000ec400000,0x00000000ec400000,0x00000000ec680000)
  to   space 2560K, 0% used [0x00000000ec180000,0x00000000ec180000,0x00000000ec400000)
 ParOldGen       total 44032K, used 38121K [0x00000000c1400000, 0x00000000c3f00000, 0x00000000eb180000)
  object space 44032K, 86% used [0x00000000c1400000,0x00000000c393a788,0x00000000c3f00000)
 Metaspace       used 15459K, capacity 16152K, committed 16256K, reserved 1062912K
  class space    used 2187K, capacity 2377K, committed 2432K, reserved 1048576K
}
Event: 16.770 GC heap before
{Heap before GC invocations=6 (full 2):
 PSYoungGen      total 18944K, used 16384K [0x00000000eb180000, 0x00000000ec680000, 0x0000000100000000)
  eden space 16384K, 100% used [0x00000000eb180000,0x00000000ec180000,0x00000000ec180000)
  from space 2560K, 0% used [0x00000000ec400000,0x00000000ec400000,0x00000000ec680000)
  to   space 2560K, 0% used [0x00000000ec180000,0x00000000ec180000,0x00000000ec400000)
 ParOldGen       total 44032K, used 38121K [0x00000000c1400000, 0x00000000c3f00000, 0x00000000eb180000)
  object space 44032K, 86% used [0x00000000c1400000,0x00000000c393a788,0x00000000c3f00000)
 Metaspace       used 15797K, capacity 16486K, committed 16512K, reserved 1062912K
  class space    used 2237K, capacity 2426K, committed 2432K, reserved 1048576K
Event: 16.964 GC heap after
Heap after GC invocations=6 (full 2):
 PSYoungGen      total 18944K, used 0K [0x00000000eb180000, 0x00000000ec680000, 0x0000000100000000)
  eden space 16384K, 0% used [0x00000000eb180000,0x00000000eb180000,0x00000000ec180000)
  from space 2560K, 0% used [0x00000000ec400000,0x00000000ec400000,0x00000000ec680000)
  to   space 2560K, 0% used [0x00000000ec180000,0x00000000ec180000,0x00000000ec400000)
 ParOldGen       total 44032K, used 38166K [0x00000000c1400000, 0x00000000c3f00000, 0x00000000eb180000)
  object space 44032K, 86% used [0x00000000c1400000,0x00000000c3945900,0x00000000c3f00000)
 Metaspace       used 15797K, capacity 16486K, committed 16512K, reserved 1062912K
  class space    used 2237K, capacity 2426K, committed 2432K, reserved 1048576K
}

